빌드 시작: 2017-10-10 오후 2:44:24
     1>2 노드의 "c:\Users\caucse\documents\visual studio 2013\Projects\ConsoleApplication13\ConsoleApplication13\ConsoleApplication13.vcxproj" 프로젝트(Build 대상)입니다.
     1>ClCompile:
         C:\Program Files (x86)\Microsoft Visual Studio 12.0\VC\bin\CL.exe /c /ZI /nologo /W3 /WX- /Od /Oy- /D WIN32 /D _DEBUG /D _CONSOLE /D _LIB /D _UNICODE /D UNICODE /Gm /EHsc /RTC1 /MDd /GS /fp:precise /Zc:wchar_t /Zc:forScope /Fo"Debug\\" /Fd"Debug\vc120.pdb" /Gd /TC /analyze- /errorReport:prompt "소스.c"
         소스.c
     1>c:\users\caucse\documents\visual studio 2013\projects\consoleapplication13\consoleapplication13\소스.c(31): warning C4996: 'scanf': This function or variable may be unsafe. Consider using scanf_s instead. To disable deprecation, use _CRT_SECURE_NO_WARNINGS. See online help for details.
                 c:\program files (x86)\microsoft visual studio 12.0\vc\include\stdio.h(283) : 'scanf' 선언을 참조하십시오.
     1>c:\users\caucse\documents\visual studio 2013\projects\consoleapplication13\consoleapplication13\소스.c(34): warning C4996: 'scanf': This function or variable may be unsafe. Consider using scanf_s instead. To disable deprecation, use _CRT_SECURE_NO_WARNINGS. See online help for details.
                 c:\program files (x86)\microsoft visual studio 12.0\vc\include\stdio.h(283) : 'scanf' 선언을 참조하십시오.
     1>c:\users\caucse\documents\visual studio 2013\projects\consoleapplication13\consoleapplication13\소스.c(37): warning C4996: 'scanf': This function or variable may be unsafe. Consider using scanf_s instead. To disable deprecation, use _CRT_SECURE_NO_WARNINGS. See online help for details.
                 c:\program files (x86)\microsoft visual studio 12.0\vc\include\stdio.h(283) : 'scanf' 선언을 참조하십시오.
     1>c:\users\caucse\documents\visual studio 2013\projects\consoleapplication13\consoleapplication13\소스.c(40): warning C4996: 'scanf': This function or variable may be unsafe. Consider using scanf_s instead. To disable deprecation, use _CRT_SECURE_NO_WARNINGS. See online help for details.
                 c:\program files (x86)\microsoft visual studio 12.0\vc\include\stdio.h(283) : 'scanf' 선언을 참조하십시오.
     1>c:\users\caucse\documents\visual studio 2013\projects\consoleapplication13\consoleapplication13\소스.c(43): warning C4996: 'scanf': This function or variable may be unsafe. Consider using scanf_s instead. To disable deprecation, use _CRT_SECURE_NO_WARNINGS. See online help for details.
                 c:\program files (x86)\microsoft visual studio 12.0\vc\include\stdio.h(283) : 'scanf' 선언을 참조하십시오.
     1>c:\users\caucse\documents\visual studio 2013\projects\consoleapplication13\consoleapplication13\소스.c(48): warning C4996: 'scanf': This function or variable may be unsafe. Consider using scanf_s instead. To disable deprecation, use _CRT_SECURE_NO_WARNINGS. See online help for details.
                 c:\program files (x86)\microsoft visual studio 12.0\vc\include\stdio.h(283) : 'scanf' 선언을 참조하십시오.
       Link:
         C:\Program Files (x86)\Microsoft Visual Studio 12.0\VC\bin\link.exe /ERRORREPORT:PROMPT /OUT:"c:\users\caucse\documents\visual studio 2013\Projects\ConsoleApplication13\Debug\ConsoleApplication13.exe" /INCREMENTAL /NOLOGO kernel32.lib user32.lib gdi32.lib winspool.lib comdlg32.lib advapi32.lib shell32.lib ole32.lib oleaut32.lib uuid.lib odbc32.lib odbccp32.lib /MANIFEST /MANIFESTUAC:"level='asInvoker' uiAccess='false'" /manifest:embed /DEBUG /PDB:"c:\users\caucse\documents\visual studio 2013\Projects\ConsoleApplication13\Debug\ConsoleApplication13.pdb" /SUBSYSTEM:CONSOLE /TLBID:1 /DYNAMICBASE /NXCOMPAT /IMPLIB:"c:\users\caucse\documents\visual studio 2013\Projects\ConsoleApplication13\Debug\ConsoleApplication13.lib" /MACHINE:X86 "Debug\소스.obj"
         ConsoleApplication13.vcxproj -> c:\users\caucse\documents\visual studio 2013\Projects\ConsoleApplication13\Debug\ConsoleApplication13.exe
     1>"c:\Users\caucse\documents\visual studio 2013\Projects\ConsoleApplication13\ConsoleApplication13\ConsoleApplication13.vcxproj" 프로젝트를 빌드했습니다(Build 대상).

빌드했습니다.

경과 시간: 00:00:00.22
